<?xml version="1.0" encoding="UTF-8"?>
<!-- Generated by org.testng.reporters.JUnitReportReporter -->
<testsuite hostname="Rajender" failures="0" tests="1" name="TestRunner.Run" time="24.043" errors="0" timestamp="2023-09-18T15:18:03 IST" skipped="0">
  <testcase classname="TestRunner.Run" name="runScenario" time="24.043"/>
</testsuite> <!-- TestRunner.Run -->
